<?xml version="1.0" encoding="UTF-8"?>
<!-- Generated by org.testng.reporters.JUnitReportReporter -->
<testsuite skipped="1" hostname="LAPTOP-ORI8JR52" name="com.w2a.DataDrivenFramework.testCases.AddCustomerTest" tests="5" failures="0" timestamp="2020-04-19T15:47:54 IST" time="3.202" errors="0">
  <testcase name="addCustomerTest" time="0.738" classname="com.w2a.DataDrivenFramework.testCases.AddCustomerTest"/>
  <testcase name="addCustomerTest" time="0.711" classname="com.w2a.DataDrivenFramework.testCases.AddCustomerTest"/>
  <testcase name="addCustomerTest" time="0.932" classname="com.w2a.DataDrivenFramework.testCases.AddCustomerTest"/>
  <testcase name="addCustomerTest" time="0.002" classname="com.w2a.DataDrivenFramework.testCases.AddCustomerTest">
    <skipped/>
  </testcase> <!-- addCustomerTest -->
  <testcase name="addCustomerTest" time="0.819" classname="com.w2a.DataDrivenFramework.testCases.AddCustomerTest"/>
</testsuite> <!-- com.w2a.DataDrivenFramework.testCases.AddCustomerTest -->
