<?xml version="1.0" encoding="UTF-8"?>
<!-- Generated by org.testng.reporters.JUnitReportReporter -->
<testsuite skipped="1" hostname="LAPTOP-ORI8JR52" name="com.w2a.DataDrivenFramework.testCases.AddCustomerTest" tests="5" failures="0" timestamp="2020-04-21T15:49:42 IST" time="3.031" errors="0">
  <testcase name="addCustomerTest" time="0.004" classname="com.w2a.DataDrivenFramework.testCases.AddCustomerTest">
    <skipped/>
  </testcase> <!-- addCustomerTest -->
  <testcase name="addCustomerTest" time="1.119" classname="com.w2a.DataDrivenFramework.testCases.AddCustomerTest"/>
  <testcase name="addCustomerTest" time="0.743" classname="com.w2a.DataDrivenFramework.testCases.AddCustomerTest"/>
  <testcase name="addCustomerTest" time="0.770" classname="com.w2a.DataDrivenFramework.testCases.AddCustomerTest"/>
  <testcase name="addCustomerTest" time="0.395" classname="com.w2a.DataDrivenFramework.testCases.AddCustomerTest"/>
</testsuite> <!-- com.w2a.DataDrivenFramework.testCases.AddCustomerTest -->
