<?xml version="1.0" encoding="UTF-8"?>
<!-- Generated by org.testng.reporters.JUnitReportReporter -->
<testsuite skipped="1" hostname="LAPTOP-ORI8JR52" name="com.w2a.DataDrivenFramework.testCases.AddCustomerTest" tests="5" failures="0" timestamp="2020-04-20T15:34:45 IST" time="1.727" errors="0">
  <testcase name="addCustomerTest" time="0.885" classname="com.w2a.DataDrivenFramework.testCases.AddCustomerTest"/>
  <testcase name="addCustomerTest" time="0.270" classname="com.w2a.DataDrivenFramework.testCases.AddCustomerTest"/>
  <testcase name="addCustomerTest" time="0.294" classname="com.w2a.DataDrivenFramework.testCases.AddCustomerTest"/>
  <testcase name="addCustomerTest" time="0.002" classname="com.w2a.DataDrivenFramework.testCases.AddCustomerTest">
    <skipped/>
  </testcase> <!-- addCustomerTest -->
  <testcase name="addCustomerTest" time="0.276" classname="com.w2a.DataDrivenFramework.testCases.AddCustomerTest"/>
</testsuite> <!-- com.w2a.DataDrivenFramework.testCases.AddCustomerTest -->
