<?xml version="1.0" encoding="UTF-8"?>
<!-- Generated by org.testng.reporters.JUnitReportReporter -->
<testsuite skipped="0" hostname="LAPTOP-ORI8JR52" name="com.w2a.DataDrivenFramework.testCases.OpenAccountTest" tests="1" failures="0" timestamp="2020-04-19T15:47:54 IST" time="4.196" errors="0">
  <testcase name="openAccountTest" time="4.196" classname="com.w2a.DataDrivenFramework.testCases.OpenAccountTest"/>
</testsuite> <!-- com.w2a.DataDrivenFramework.testCases.OpenAccountTest -->
