<?xml version="1.0" encoding="UTF-8"?>
<!-- Generated by org.testng.reporters.JUnitReportReporter -->
<testsuite skipped="1" hostname="LAPTOP-ORI8JR52" name="com.w2a.DataDrivenFramework.testCases.AddCustomerTest" tests="5" failures="0" timestamp="2020-04-19T17:30:27 IST" time="3.346" errors="0">
  <testcase name="addCustomerTest" time="0.770" classname="com.w2a.DataDrivenFramework.testCases.AddCustomerTest"/>
  <testcase name="addCustomerTest" time="0.007" classname="com.w2a.DataDrivenFramework.testCases.AddCustomerTest">
    <skipped/>
  </testcase> <!-- addCustomerTest -->
  <testcase name="addCustomerTest" time="0.863" classname="com.w2a.DataDrivenFramework.testCases.AddCustomerTest"/>
  <testcase name="addCustomerTest" time="0.781" classname="com.w2a.DataDrivenFramework.testCases.AddCustomerTest"/>
  <testcase name="addCustomerTest" time="0.925" classname="com.w2a.DataDrivenFramework.testCases.AddCustomerTest"/>
</testsuite> <!-- com.w2a.DataDrivenFramework.testCases.AddCustomerTest -->
