<?xml version="1.0" encoding="UTF-8"?>
<!-- Generated by org.testng.reporters.JUnitReportReporter -->
<testsuite skipped="0" hostname="LAPTOP-ORI8JR52" name="com.w2a.DataDrivenFramework.testCases.BankManagerLoginTest" tests="1" failures="0" timestamp="2020-04-18T18:24:31 IST" time="0.419" errors="0">
  <testcase name="loginAsBankManager" time="0.419" classname="com.w2a.DataDrivenFramework.testCases.BankManagerLoginTest"/>
</testsuite> <!-- com.w2a.DataDrivenFramework.testCases.BankManagerLoginTest -->
